# List of loaded electron processes to BOLSIG+ solver.
# Can be used as references for reaction rates in input kinetics.
C1_O2_Attachment
O2->O^-+O
C3_O2_Effective_(momentum)
O2->O2(ROT)
O2->O2(V1)
O2->O2(V1RES)
O2->O2(V2)
O2->O2(V2RES)
O2->O2(V3)
O2->O2(V4)
O2->O2(A1)
O2->O2(B1)
O2->O2(4.5EV)
O2->O2(6.0EV)
O2->O2(8.4EV)
O2->O2(9.97EV)
O2->O2^+
O2(V1)->O2
O2(V2)->O2
O2(V3)->O2
O2(V4)->O2
O2(A1)->O2
C23_O_Effective_(momentum)
O->O(1D)
O->O(1S)
O->O^+
O->O^+
O3->O2^-
O3->O^-
C30_O3_Effective_(momentum)
O3->O3^+
C32_H2_Elastic
H2->H2(V=0-V=1)
H2->H2(V=0-V=2)
H2->H2(V=0-V=3)
H2->H2(B1SU)
H2->H2(C3PU)
H2->H2(A3SG)
H2->H2(C1PU)
H2->H2(E1SG,F1SG)
H2->H2(E3SU)
H2->H2(B'1SU)
H2->H2(D1PU)
H2->H2(B''1SU)
H2->H2(D'1PU)
H2->H(1S)+H(2P)
H2->H(1S)+H(2S)
H2->H(1S)+H(3)
H2->H(1S)+H(4)
H2->H(1S)+H(5)
H2->H2(B3SU)
H2->H2+
C53_H_Elastic
H->H(1P)
H->H(2S)
H->H(3)
H->H(4)
H->H(5)
H->H+
H2O->H2O^-
C61_H2O_Elastic
H2O->H2O*(0.206EV)
H2O->H2O*(0.459EV)
H2O->H2O*(1.058EV)
H2O->H2O*(14.052EV)
H2O->H2O*(8.445EV)
H2O->H2O^+
